        ME     RMSE      MAE         MPE     MAPE       MASE         ACF1
-0.1034435 21.03759 9.168321 -0.05720017 1.539663 0.01320929 -0.001300049
        ME     RMSE      MAE         MPE     MAPE       MASE         ACF1
-0.1033565 21.01702 9.155263 -0.05732618 1.542785 0.01321364 -0.001300921
        ME     RMSE      MAE         MPE     MAPE       MASE        ACF1
-0.1026076 20.99644 9.142378 -0.05667021 1.545704 0.01321796 -0.00130214
        ME     RMSE     MAE         MPE     MAPE       MASE         ACF1
-0.1040205 20.97568 9.12728 -0.05840733 1.546212 0.01321916 -0.001303175
        ME     RMSE     MAE         MPE     MAPE       MASE         ACF1
-0.1033237 20.95492 9.11101 -0.05771897 1.545349 0.01321866 -0.001303107
        ME     RMSE      MAE         MPE     MAPE       MASE         ACF1
-0.1014004 20.93442 9.096747 -0.05571843 1.546583 0.01322084 -0.001302825
         ME     RMSE     MAE         MPE     MAPE       MASE         ACF1
-0.09966619 20.91381 9.08069 -0.05402115 1.545526 0.01322003 -0.001302484
       ME     RMSE      MAE         MPE     MAPE       MASE         ACF1
-0.101718 20.89354 9.067375 -0.05633013 1.547463 0.01322317 -0.001304029
        ME     RMSE      MAE         MPE     MAPE       MASE         ACF1
-0.1034983 20.87309 9.052411 -0.05850979 1.547791 0.01322413 -0.001305261
        ME    RMSE      MAE         MPE     MAPE       MASE        ACF1
-0.1023661 20.8529 9.039033 -0.05735654 1.549979 0.01322735 -0.00130541
        ME     RMSE      MAE         MPE     MAPE       MASE        ACF1
-0.1024989 20.83279 9.025208 -0.05770922 1.551715 0.01322991 -0.00130591
        ME     RMSE      MAE         MPE     MAPE       MASE        ACF1
-0.1035074 20.81246 9.009742 -0.05909024 1.551374 0.01323003 -0.00130537
        ME     RMSE     MAE         MPE     MAPE       MASE         ACF1
-0.1012919 20.79219 8.99416 -0.05655709 1.550763 0.01322985 -0.001304731
        ME     RMSE     MAE         MPE     MAPE       MASE        ACF1
-0.1008457 20.77208 8.97991 -0.05620013 1.551582 0.01323145 -0.00130483
        ME     RMSE      MAE         MPE     MAPE       MASE         ACF1
-0.1012036 20.75286 8.970569 -0.05688176 1.558782 0.01324043 -0.001304661
       ME     RMSE      MAE         MPE     MAPE       MASE         ACF1
-0.102521 20.73338 8.959045 -0.05878193 1.563157 0.01324609 -0.001302698
        ME     RMSE      MAE         MPE     MAPE       MASE         ACF1
-0.1002819 20.71365 8.946664 -0.05627778 1.565818 0.01325019 -0.001301277
         ME     RMSE      MAE        MPE     MAPE       MASE         ACF1
-0.09114571 20.69538 8.939682 -0.0478393 1.572555 0.01326159 -0.001302176
         ME     RMSE      MAE         MPE     MAPE       MASE         ACF1
-0.08780919 20.67626 8.929378 -0.04534742 1.574612 0.01326671 -0.001299835
         ME     RMSE      MAE         MPE     MAPE       MASE         ACF1
-0.08709304 20.65669 8.916301 -0.04490295 1.574514 0.01326757 -0.001298699
        ME     RMSE      MAE         MPE     MAPE       MASE         ACF1
-0.0876892 20.63701 8.902762 -0.04536544 1.574026 0.01326755 -0.001299482
         ME     RMSE      MAE         MPE     MAPE       MASE         ACF1
-0.08809686 20.61754 8.890681 -0.04570491 1.574629 0.01326978 -0.001299395
         ME     RMSE    MAE         MPE     MAPE       MASE         ACF1
-0.08809907 20.59782 8.8752 -0.04574207 1.572727 0.01326681 -0.001299583
        ME     RMSE      MAE         MPE     MAPE       MASE         ACF1
-0.0837938 20.57865 8.864309 -0.04287461 1.573817 0.01327027 -0.001299195
         ME     RMSE    MAE         MPE     MAPE       MASE         ACF1
-0.08521744 20.55908 8.8498 -0.04382852 1.572381 0.01326807 -0.001300133
         ME     RMSE      MAE         MPE     MAPE       MASE         ACF1
-0.08498201 20.53988 8.837226 -0.04371896 1.572146 0.01326864 -0.001299556
         ME     RMSE      MAE         MPE     MAPE       MASE         ACF1
-0.08119175 20.52107 8.827688 -0.04138808 1.573804 0.01327363 -0.001297323
         ME     RMSE      MAE         MPE     MAPE       MASE        ACF1
-0.08235243 20.50223 8.817048 -0.04213721 1.574486 0.01327655 -0.00129717
         ME     RMSE      MAE         MPE    MAPE       MASE         ACF1
-0.07873096 20.48348 8.805585 -0.04003185 1.57463 0.01327821 -0.001296027
         ME    RMSE      MAE         MPE     MAPE       MASE         ACF1
-0.07440162 20.4648 8.794788 -0.03770427 1.574781 0.01328002 -0.001293461
         ME     RMSE      MAE         MPE     MAPE       MASE         ACF1
-0.07148428 20.44641 8.785127 -0.03627639 1.575216 0.01328271 -0.001293829
         ME     RMSE      MAE         MPE     MAPE       MASE         ACF1
-0.06651359 20.42811 8.775412 -0.03401398 1.575331 0.01328451 -0.001290696
         ME     RMSE      MAE        MPE     MAPE       MASE         ACF1
-0.06711146 20.40907 8.761537 -0.0342679 1.573506 0.01327974 -0.001291556
         ME     RMSE      MAE         MPE     MAPE      MASE         ACF1
-0.06951409 20.39166 8.754498 -0.03538023 1.574792 0.0132856 -0.001288358
         ME     RMSE      MAE         MPE     MAPE      MASE         ACF1
-0.07179439 20.37593 8.749047 -0.03652699 1.577274 0.0132945 -0.001285967
         ME     RMSE      MAE       MPE     MAPE       MASE         ACF1
-0.07195877 20.35727 8.737384 -0.036613 1.576573 0.01329376 -0.001285344
         ME     RMSE      MAE         MPE     MAPE       MASE         ACF1
-0.06962086 20.33881 8.726559 -0.03550485 1.576286 0.01329432 -0.001285568
         ME     RMSE      MAE         MPE     MAPE       MASE         ACF1
-0.07057077 20.31992 8.712191 -0.03595059 1.574239 0.01328921 -0.001285644
         ME     RMSE     MAE         MPE     MAPE       MASE         ACF1
-0.06730886 20.30132 8.70019 -0.03444595 1.573236 0.01328733 -0.001285583
         ME     RMSE      MAE         MPE    MAPE       MASE         ACF1
-0.07238779 20.28372 8.690042 -0.03684279 1.57313 0.01328843 -0.001286203
         ME     RMSE      MAE         MPE     MAPE       MASE         ACF1
-0.07506154 20.26532 8.676924 -0.03820077 1.571748 0.01328575 -0.001289628
         ME     RMSE      MAE        MPE     MAPE       MASE         ACF1
-0.06947538 20.24819 8.669394 -0.0354413 1.573045 0.01329109 -0.001284923
         ME     RMSE     MAE         MPE     MAPE       MASE        ACF1
-0.06863332 20.22997 8.65859 -0.03505775 1.572611 0.01329116 -0.00128522
         ME     RMSE      MAE         MPE     MAPE       MASE         ACF1
-0.07423349 20.21289 8.652126 -0.03784416 1.574517 0.01329817 -0.001290335
         ME     RMSE      MAE         MPE     MAPE       MASE         ACF1
-0.07457975 20.19503 8.641496 -0.03804367 1.574478 0.01329933 -0.001295545
         ME     RMSE      MAE         MPE     MAPE       MASE         ACF1
-0.07729233 20.17691 8.630249 -0.03956176 1.574188 0.01329977 -0.001297526
         ME     RMSE      MAE         MPE     MAPE       MASE         ACF1
-0.07650589 20.15883 8.619424 -0.03913689 1.574204 0.01330099 -0.001294512
         ME     RMSE      MAE         MPE     MAPE       MASE         ACF1
-0.07765239 20.14066 8.607535 -0.03982051 1.573562 0.01330044 -0.001294286
         ME     RMSE     MAE         MPE     MAPE       MASE         ACF1
-0.07798204 20.12254 8.59574 -0.04003607 1.572961 0.01330004 -0.001296188
         ME     RMSE      MAE         MPE     MAPE       MASE         ACF1
-0.07854471 20.10435 8.582639 -0.04039145 1.571605 0.01329762 -0.001296426
         ME     RMSE      MAE         MPE     MAPE       MASE         ACF1
-0.07574614 20.08662 8.572155 -0.03878402 1.571771 0.01329927 -0.001296843
         ME     RMSE      MAE         MPE     MAPE       MASE         ACF1
-0.07482466 20.06869 8.560595 -0.03827903 1.571131 0.01329872 -0.001297064
         ME     RMSE      MAE         MPE     MAPE       MASE         ACF1
-0.07679339 20.05082 8.549761 -0.03940924 1.570982 0.01329948 -0.001298413
         ME     RMSE      MAE         MPE     MAPE       MASE        ACF1
-0.07453346 20.03307 8.539174 -0.03814664 1.570944 0.01330056 -0.00129759
         ME     RMSE      MAE         MPE     MAPE       MASE         ACF1
-0.07332562 20.01523 8.527306 -0.03750051 1.570087 0.01329941 -0.001295762
         ME     RMSE     MAE        MPE     MAPE       MASE         ACF1
-0.07544864 19.99862 8.52118 -0.0387025 1.572105 0.01330675 -0.001293442
         ME     RMSE      MAE        MPE     MAPE       MASE         ACF1
-0.07393601 19.98083 8.509108 -0.0378798 1.571061 0.01330504 -0.001295219
         ME     RMSE      MAE         MPE     MAPE       MASE         ACF1
-0.07348752 19.96348 8.499909 -0.03766405 1.571628 0.01330785 -0.001294736
         ME     RMSE      MAE         MPE     MAPE       MASE         ACF1
-0.07340995 19.94677 8.491917 -0.03766534 1.572905 0.01331268 -0.001295692
         ME     RMSE      MAE         MPE     MAPE       MASE         ACF1
-0.07693417 19.93127 8.486674 -0.03977735 1.575711 0.01332159 -0.001298566
         ME     RMSE      MAE         MPE     MAPE       MASE         ACF1
-0.07489991 19.91403 8.476548 -0.03864275 1.575799 0.01332295 -0.001290519
         ME     RMSE      MAE         MPE     MAPE       MASE         ACF1
-0.07717874 19.89705 8.466855 -0.04001883 1.576238 0.01332524 -0.001299785
         ME    RMSE      MAE         MPE     MAPE       MASE         ACF1
-0.07741537 19.8794 8.453722 -0.04017869 1.574634 0.01332225 -0.001299436
         ME     RMSE      MAE         MPE     MAPE       MASE         ACF1
-0.07731248 19.86208 8.442658 -0.04013932 1.574216 0.01332233 -0.001299213
         ME     RMSE      MAE         MPE     MAPE       MASE         ACF1
-0.07718949 19.84483 8.432331 -0.04009268 1.574338 0.01332373 -0.001301256
        ME     RMSE      MAE         MPE     MAPE       MASE         ACF1
-0.0736474 19.82764 8.421578 -0.03800801 1.574035 0.01332412 -0.001297745
         ME     RMSE      MAE         MPE     MAPE       MASE         ACF1
-0.07229922 19.81027 8.409458 -0.03726837 1.572805 0.01332186 -0.001298401
        ME     RMSE      MAE         MPE     MAPE       MASE         ACF1
-0.0700516 19.79293 8.396762 -0.03607926 1.571157 0.01331827 -0.001285605
         ME     RMSE      MAE         MPE     MAPE      MASE         ACF1
-0.06971247 19.77617 8.387522 -0.03592579 1.571249 0.0133198 -0.001289373
         ME     RMSE      MAE         MPE    MAPE      MASE         ACF1
-0.06848788 19.75902 8.376127 -0.03531165 1.57019 0.0133178 -0.001300878
         ME     RMSE      MAE         MPE     MAPE       MASE         ACF1
-0.06827742 19.74555 8.373631 -0.03531507 1.573973 0.01333036 -0.001300526
         ME     RMSE      MAE         MPE     MAPE      MASE         ACF1
-0.06577262 19.72908 8.364939 -0.03410813 1.574141 0.0133323 -0.001353028
         ME     RMSE     MAE         MPE    MAPE       MASE         ACF1
-0.06837487 19.71201 8.35331 -0.03536973 1.57283 0.01332939 -0.001297851
         ME     RMSE      MAE         MPE     MAPE       MASE         ACF1
-0.06776668 19.69493 8.341037 -0.03506822 1.571232 0.01332562 -0.001298045
         ME   RMSE      MAE         MPE     MAPE       MASE       ACF1
-0.07251321 19.679 8.332666 -0.03757424 1.571712 0.01332811 -0.0012975
         ME     RMSE     MAE         MPE     MAPE      MASE         ACF1
-0.07027148 19.66228 8.32144 -0.03639467 1.570709 0.0133263 -0.001342851
         ME     RMSE      MAE         MPE     MAPE       MASE         ACF1
-0.06967692 19.64544 8.310404 -0.03609095 1.569794 0.01332474 -0.001326622
         ME     RMSE      MAE         MPE     MAPE       MASE         ACF1
-0.06099636 19.63028 8.305601 -0.03195954 1.571629 0.01333219 -0.001326521
         ME     RMSE      MAE         MPE     MAPE       MASE         ACF1
-0.05781807 19.61429 8.297308 -0.03063737 1.571429 0.01333311 -0.001296751
         ME     RMSE      MAE         MPE     MAPE       MASE         ACF1
-0.05928715 19.59829 8.290169 -0.03123228 1.571635 0.01333549 -0.001329701
         ME     RMSE      MAE         MPE     MAPE      MASE         ACF1
-0.05239743 19.58278 8.283481 -0.02855726 1.571827 0.0133379 -0.001298327
         ME     RMSE      MAE         MPE     MAPE       MASE         ACF1
-0.04948615 19.56749 8.275182 -0.02751652 1.571209 0.01333682 -0.001297377
         ME     RMSE      MAE         MPE     MAPE       MASE         ACF1
-0.04552424 19.55161 8.266945 -0.02617694 1.570534 0.01333554 -0.001326409
         ME     RMSE      MAE         MPE     MAPE       MASE         ACF1
-0.03929236 19.53689 8.261484 -0.02423238 1.570549 0.01333753 -0.001300354
         ME     RMSE      MAE         MPE     MAPE       MASE         ACF1
-0.03661408 19.52031 8.249927 -0.02343362 1.568612 0.01332902 -0.001299973
         ME     RMSE      MAE         MPE     MAPE       MASE         ACF1
-0.04171215 19.50511 8.243799 -0.02492332 1.568289 0.01332959 -0.001296676
         ME     RMSE      MAE         MPE     MAPE       MASE         ACF1
-0.03962174 19.48921 8.235363 -0.02428612 1.567296 0.01332642 -0.001301927
         ME     RMSE      MAE         MPE     MAPE       MASE         ACF1
-0.04097781 19.47352 8.226985 -0.02467897 1.566291 0.01332306 -0.001299934
         ME     RMSE      MAE         MPE     MAPE       MASE         ACF1
-0.03320952 19.45855 8.221347 -0.02244713 1.566007 0.01332374 -0.001293065
          ME     RMSE      MAE         MPE     MAPE       MASE         ACF1
0.0008875589 19.48339 8.243746 -0.01466632 1.571611 0.01336557 -0.001330565
         ME     RMSE      MAE         MPE   MAPE      MASE         ACF1
0.004171731 19.46874 8.239935 -0.01398053 1.5708 0.0133616 -0.001298744
         ME    RMSE      MAE         MPE     MAPE       MASE        ACF1
0.006080296 19.4529 8.231809 -0.01361515 1.569164 0.01335015 -0.00130335
        ME     RMSE      MAE         MPE     MAPE       MASE         ACF1
0.01285161 19.43817 8.227519 -0.01243784 1.568168 0.01334453 -0.001302593
        ME    RMSE      MAE         MPE     MAPE       MASE         ACF1
0.01203615 19.4239 8.223282 -0.01256847 1.567128 0.01333848 -0.001300479
        ME     RMSE      MAE         MPE     MAPE       MASE         ACF1
0.01509237 19.41251 8.221563 -0.01206493 1.566456 0.01333612 -0.001297546
        ME     RMSE     MAE        MPE     MAPE       MASE        ACF1
0.02665776 19.40236 8.22611 -0.0102266 1.566639 0.01334206 -0.00130431
        ME     RMSE      MAE          MPE     MAPE       MASE         ACF1
0.03069388 19.38681 8.218291 -0.009601856 1.564881 0.01332675 -0.001313502
        ME     RMSE      MAE         MPE     MAPE       MASE         ACF1
0.02562277 19.37363 8.212913 -0.01032664 1.563465 0.01331505 -0.001302402
        ME   RMSE      MAE         MPE    MAPE       MASE         ACF1
0.02603798 19.358 8.204391 -0.01024768 1.56161 0.01329876 -0.001308371
        ME     RMSE     MAE         MPE     MAPE       MASE         ACF1
0.02063923 19.34308 8.19828 -0.01102311 1.560151 0.01328705 -0.001331298
        ME     RMSE      MAE          MPE     MAPE       MASE        ACF1
0.02860859 19.33153 8.195844 -0.009829792 1.559236 0.01328165 -0.00134518
        ME     RMSE      MAE          MPE     MAPE       MASE         ACF1
0.05525709 19.33152 8.210847 -0.006121313 1.560665 0.01330037 -0.001303985
        ME     RMSE      MAE          MPE     MAPE      MASE         ACF1
0.05943244 19.31753 8.206098 -0.005567133 1.559124 0.0132846 -0.001304448
        ME     RMSE      MAE          MPE     MAPE      MASE         ACF1
0.05468919 19.30285 8.199956 -0.006112276 1.557411 0.0132663 -0.001301422
        ME     RMSE      MAE          MPE    MAPE      MASE         ACF1
0.06199106 19.28997 8.196476 -0.005248533 1.55602 0.0132522 -0.001302128
        ME     RMSE      MAE          MPE     MAPE       MASE         ACF1
0.05196738 19.27735 8.197138 -0.006421069 1.555112 0.01324502 -0.001295674
        ME     RMSE      MAE          MPE     MAPE       MASE         ACF1
0.05769676 19.26601 8.197195 -0.005738313 1.554175 0.01323757 -0.001295486
        ME     RMSE      MAE         MPE     MAPE       MASE         ACF1
0.03975176 19.29878 8.227598 -0.00806669 1.556957 0.01327864 -0.001328814
        ME     RMSE      MAE          MPE     MAPE       MASE         ACF1
0.03996893 19.28671 8.227328 -0.008024462 1.555978 0.01327233 -0.001312909
        ME     RMSE      MAE          MPE    MAPE       MASE         ACF1
0.03891036 19.27104 8.216742 -0.008138655 1.55381 0.01325033 -0.001314156
        ME     RMSE      MAE          MPE     MAPE       MASE         ACF1
0.03571497 19.25918 8.216536 -0.008553976 1.553029 0.01324556 -0.001320221
        ME     RMSE      MAE         MPE     MAPE       MASE         ACF1
0.02227286 19.24912 8.216753 -0.01040366 1.552471 0.01324324 -0.001327738
        ME     RMSE      MAE          MPE     MAPE       MASE         ACF1
0.03151967 19.23755 8.215636 -0.009077086 1.551699 0.01323911 -0.001322833
        ME     RMSE     MAE          MPE     MAPE       MASE         ACF1
0.07906336 19.32501 8.25436 -0.003140391 1.556075 0.01329232 -0.001351379
        ME     RMSE      MAE          MPE     MAPE       MASE         ACF1
0.08032683 19.31096 8.249587 -0.002959929 1.554421 0.01327232 -0.001306585
       ME     RMSE      MAE          MPE     MAPE       MASE         ACF1
0.0794837 19.29724 8.244648 -0.003027466 1.552747 0.01325163 -0.001307204
        ME   RMSE      MAE          MPE     MAPE       MASE         ACF1
0.08570674 19.284 8.239237 -0.002382047 1.550994 0.01322979 -0.001308303
        ME     RMSE      MAE          MPE     MAPE       MASE         ACF1
0.07567842 19.27044 8.235798 -0.003377091 1.549494 0.01321165 -0.001308627
        ME     RMSE      MAE          MPE     MAPE       MASE         ACF1
0.07381446 19.25518 8.226273 -0.003548338 1.547384 0.01318487 -0.001307816
        ME     RMSE      MAE          MPE     MAPE       MASE         ACF1
0.08510362 19.24469 8.227481 -0.002385438 1.546357 0.01317452 -0.001311205
        ME     RMSE      MAE          MPE     MAPE       MASE         ACF1
0.08311733 19.22993 8.220156 -0.002570149 1.544449 0.01314982 -0.001314369
        ME     RMSE      MAE          MPE     MAPE       MASE         ACF1
0.07452107 19.21682 8.216504 -0.003423949 1.542956 0.01313187 -0.001315338
        ME     RMSE      MAE          MPE     MAPE      MASE         ACF1
0.07649948 19.20175 8.206487 -0.003208057 1.540805 0.0131044 -0.001314093
        ME     RMSE      MAE         MPE     MAPE       MASE         ACF1
0.04297955 19.24668 8.232157 -0.00695079 1.542851 0.01313649 -0.001347175
        ME     RMSE      MAE          MPE     MAPE       MASE         ACF1
0.04811324 19.23232 8.226741 -0.006339216 1.541341 0.01312187 -0.001362054
        ME     RMSE      MAE          MPE     MAPE       MASE         ACF1
0.08742335 19.38968 8.287887 -0.002290123 1.546623 0.01320817 -0.001563429
        ME    RMSE      MAE          MPE     MAPE       MASE         ACF1
0.08478752 19.3757 8.282856 -0.002566054 1.544934 0.01318716 -0.001548061
        ME     RMSE      MAE          MPE     MAPE       MASE         ACF1
0.07012856 19.36394 8.284292 -0.004034128 1.544014 0.01317777 -0.001553494
        ME     RMSE      MAE          MPE     MAPE       MASE         ACF1
0.06206254 19.35316 8.284397 -0.004870844 1.543007 0.01316792 -0.001544397
        ME     RMSE      MAE          MPE     MAPE       MASE         ACF1
0.05319635 19.33931 8.279673 -0.005824113 1.541541 0.01315226 -0.001548253
        ME    RMSE      MAE          MPE    MAPE       MASE         ACF1
0.05091468 19.3253 8.274505 -0.006065675 1.54006 0.01313736 -0.001542482
        ME     RMSE      MAE          MPE     MAPE       MASE         ACF1
0.03621748 19.32734 8.297798 -0.009445494 1.545091 0.01316751 0.0001150626
        ME     RMSE      MAE          MPE     MAPE       MASE         ACF1
0.03552133 19.31682 8.296622 -0.009514293 1.544007 0.01316116 0.0001282341
       ME     RMSE      MAE         MPE     MAPE       MASE         ACF1
0.0244335 19.30942 8.303148 -0.01103407 1.544335 0.01316875 0.0001253103
         ME     RMSE      MAE         MPE     MAPE       MASE        ACF1
0.007041157 19.33663 8.318722 -0.01377514 1.546403 0.01319376 5.58226e-05
         ME     RMSE      MAE         MPE     MAPE       MASE         ACF1
0.002788805 19.32409 8.316397 -0.01450152 1.545781 0.01319159 6.491878e-05
         ME    RMSE      MAE         MPE     MAPE       MASE         ACF1
0.006298201 19.3107 8.312399 -0.01387671 1.544968 0.01318755 8.056948e-05
        ME     RMSE      MAE          MPE     MAPE       MASE        ACF1
0.05379263 19.47924 8.358684 -0.007276231 1.550568 0.01325737 0.000109457
        ME     RMSE      MAE          MPE     MAPE       MASE         ACF1
0.05724961 19.46569 8.353057 -0.006811671 1.548925 0.01324157 0.0001141885
        ME     RMSE      MAE          MPE     MAPE       MASE         ACF1
0.05306881 19.45107 8.344275 -0.007293369 1.547013 0.01322058 0.0001125484
       ME     RMSE      MAE         MPE     MAPE       MASE         ACF1
0.0477412 19.43763 8.339658 -0.00791425 1.545609 0.01320674 0.0001038292
        ME     RMSE      MAE         MPE     MAPE       MASE         ACF1
0.04161839 19.42529 8.337531 -0.00864993 1.544607 0.01319823 0.0001041157
        ME     RMSE      MAE        MPE     MAPE       MASE         ACF1
0.04311512 19.41063 8.328549 -0.0084399 1.542707 0.01317925 0.0001054548
        ME     RMSE      MAE          MPE    MAPE       MASE         ACF1
0.04113884 19.39582 8.319093 -0.008673622 1.54076 0.01315952 0.0001076383
        ME    RMSE      MAE          MPE     MAPE       MASE         ACF1
0.03406748 19.3818 8.313154 -0.009579333 1.539303 0.01314604 0.0001056701
        ME     RMSE      MAE         MPE     MAPE       MASE         ACF1
0.02512175 19.36894 8.309045 -0.01078439 1.538175 0.01313685 8.892387e-05
          ME     RMSE      MAE         MPE     MAPE       MASE         ACF1
-0.002338527 19.37705 8.322667 -0.01510262 1.540284 0.01315804 3.931173e-05
         ME     RMSE      MAE         MPE     MAPE       MASE         ACF1
0.003658983 19.36544 8.319733 -0.01410641 1.539534 0.01315537 4.099654e-05
        ME     RMSE     MAE         MPE     MAPE       MASE        ACF1
0.01002144 19.35341 8.31751 -0.01299275 1.539017 0.01315393 3.16181e-05
        ME     RMSE      MAE          MPE    MAPE       MASE         ACF1
0.03854249 19.38832 8.341911 -0.008668991 1.54217 0.01319063 3.262809e-05
        ME     RMSE      MAE          MPE     MAPE       MASE         ACF1
0.04038408 19.37832 8.342306 -0.008400773 1.541549 0.01318704 1.178708e-05
        ME    RMSE      MAE          MPE     MAPE       MASE         ACF1
0.04110871 19.3654 8.338071 -0.008281584 1.540238 0.01317548 8.540215e-06
        ME     RMSE      MAE          MPE     MAPE       MASE         ACF1
0.03933213 19.35183 8.332992 -0.008493307 1.538878 0.01316294 4.629387e-05
        ME     RMSE      MAE          MPE    MAPE       MASE        ACF1
0.03817272 19.34084 8.332438 -0.008631402 1.53813 0.01315832 4.03333e-05
        ME     RMSE      MAE          MPE     MAPE       MASE         ACF1
0.03621748 19.32887 8.330271 -0.008874578 1.537185 0.01315138 4.030555e-05
        ME    RMSE      MAE          MPE     MAPE       MASE         ACF1
0.03476555 19.3146 8.321025 -0.009049476 1.535297 0.01313316 3.741998e-05
        ME     RMSE      MAE       MPE    MAPE      MASE         ACF1
0.03343809 19.30195 8.317508 -0.009216 1.53419 0.0131241 3.635553e-05
        ME     RMSE      MAE        MPE     MAPE       MASE         ACF1
0.02490715 19.28887 8.313335 -0.0103784 1.533072 0.01311498 3.880735e-05
         ME     RMSE      MAE         MPE     MAPE       MASE         ACF1
0.009994165 19.30873 8.325884 -0.01267362 1.534772 0.01313507 7.824883e-05
         ME     RMSE      MAE         MPE     MAPE       MASE         ACF1
0.008317463 19.29457 8.317155 -0.01291559 1.533084 0.01312255 7.512072e-05
        ME     RMSE      MAE         MPE     MAPE       MASE         ACF1
0.01331927 19.28262 8.315753 -0.01207555 1.532656 0.01312159 7.061022e-05
        ME     RMSE      MAE          MPE     MAPE       MASE         ACF1
0.03209298 19.30597 8.334446 -0.009268645 1.534856 0.01314922 8.226949e-05
        ME     RMSE      MAE          MPE     MAPE       MASE         ACF1
0.03509231 19.29173 8.325374 -0.008816898 1.533004 0.01313174 5.501702e-05
        ME     RMSE      MAE          MPE     MAPE       MASE         ACF1
0.02857351 19.28014 8.323183 -0.009704095 1.532116 0.01312536 5.931785e-05
        ME     RMSE      MAE         MPE     MAPE       MASE         ACF1
0.02427193 19.26885 8.323093 -0.01029868 1.531592 0.01312336 5.697629e-05
        ME     RMSE      MAE        MPE    MAPE       MASE         ACF1
0.01497852 19.25667 8.319694 -0.0116577 1.53069 0.01311715 3.529238e-05
        ME     RMSE      MAE         MPE     MAPE       MASE         ACF1
0.01409851 19.24234 8.309579 -0.01177489 1.528766 0.01310124 3.114473e-05
        ME     RMSE      MAE         MPE     MAPE      MASE         ACF1
0.01548406 19.22878 8.302822 -0.01154103 1.527368 0.0130906 3.654637e-05
        ME     RMSE      MAE         MPE     MAPE       MASE         ACF1
0.01620799 19.21456 8.293119 -0.01140664 1.525508 0.01307525 3.570025e-05
         ME     RMSE      MAE         MPE     MAPE      MASE         ACF1
0.009390936 19.20138 8.287939 -0.01248438 1.524404 0.0130677 3.754619e-05
        ME     RMSE      MAE         MPE     MAPE       MASE         ACF1
0.00718643 19.18736 8.279196 -0.01283018 1.522745 0.01305519 3.455633e-05
          ME     RMSE      MAE         MPE     MAPE       MASE         ACF1
0.0007327803 19.17503 8.274502 -0.01393244 1.521839 0.01305013 2.677367e-05
        ME    RMSE      MAE         MPE     MAPE       MASE       ACF1
0.00124948 19.1612 8.266553 -0.01381656 1.520377 0.01304033 2.5118e-05
        ME   RMSE      MAE         MPE     MAPE       MASE         ACF1
0.01478877 19.155 8.269124 -0.01147823 1.520672 0.01304522 2.826065e-05
        ME     RMSE      MAE         MPE     MAPE       MASE         ACF1
0.01041514 19.14276 8.265498 -0.01217646 1.519795 0.01303974 4.242643e-05
        ME     RMSE      MAE         MPE     MAPE       MASE         ACF1
0.01303068 19.13143 8.264273 -0.01174319 1.519304 0.01303839 4.337729e-05
         ME    RMSE      MAE         MPE     MAPE       MASE         ACF1
0.006876656 19.1188 8.258113 -0.01274265 1.518058 0.01302959 4.374534e-05
         ME     RMSE      MAE         MPE     MAPE       MASE         ACF1
0.006480649 19.10498 8.249275 -0.01279081 1.516389 0.01301712 4.251188e-05
         ME     RMSE      MAE         MPE     MAPE       MASE         ACF1
0.004191202 19.09174 8.242489 -0.01316926 1.515101 0.01300831 4.003498e-05
         ME     RMSE      MAE         MPE     MAPE       MASE         ACF1
0.002290755 19.07853 8.236111 -0.01349095 1.513881 0.01300021 3.824069e-05
         ME     RMSE     MAE         MPE     MAPE      MASE         ACF1
0.001746363 19.06625 8.23119 -0.01357738 1.512961 0.0129949 4.401332e-05
          ME    RMSE      MAE         MPE   MAPE       MASE         ACF1
-0.007003351 19.0541 8.227761 -0.01520076 1.5124 0.01299263 2.856797e-05
         ME    RMSE      MAE         MPE     MAPE       MASE         ACF1
-0.01475613 19.0438 8.225728 -0.01677344 1.512317 0.01299392 1.205839e-05
         ME     RMSE      MAE         MPE     MAPE       MASE          ACF1
-0.02208997 19.03138 8.220772 -0.01839438 1.511764 0.01299208 -1.165799e-05
         ME    RMSE      MAE         MPE     MAPE       MASE         ACF1
-0.02951355 19.0227 8.221402 -0.02026097 1.512938 0.01300072 -3.32983e-05
         ME     RMSE     MAE         MPE     MAPE       MASE          ACF1
-0.02388764 19.01027 8.21813 -0.01879362 1.512993 0.01300297 -1.706359e-05
         ME     RMSE      MAE         MPE     MAPE       MASE          ACF1
-0.02785378 18.99691 8.210776 -0.01980599 1.511973 0.01299863 -9.146423e-06
        ME    RMSE      MAE         MPE     MAPE       MASE          ACF1
-0.0292351 18.9849 8.208599 -0.02017654 1.512336 0.01300269 -1.343445e-05
        ME     RMSE      MAE         MPE     MAPE       MASE          ACF1
-0.0324721 18.97234 8.202767 -0.02106592 1.511848 0.01300172 -1.698273e-05
        ME     RMSE     MAE        MPE     MAPE       MASE          ACF1
-0.0376924 18.95972 8.19712 -0.0226125 1.511555 0.01300179 -6.931369e-06
         ME     RMSE     MAE         MPE     MAPE       MASE         ACF1
-0.03863662 18.94627 8.18787 -0.02289613 1.510229 0.01299675 7.928297e-05
         ME     RMSE      MAE         MPE     MAPE       MASE         ACF1
-0.04307001 18.93315 8.180362 -0.02435993 1.509561 0.01299495 1.886507e-05
         ME     RMSE      MAE         MPE     MAPE       MASE          ACF1
-0.05117019 18.92302 8.179001 -0.02749884 1.511471 0.01300419 -4.882091e-05
         ME     RMSE      MAE         MPE     MAPE       MASE          ACF1
-0.05369961 18.90959 8.169887 -0.02861594 1.510498 0.01300172 -2.298742e-05
         ME    RMSE      MAE         MPE     MAPE       MASE          ACF1
-0.05163073 18.8964 8.161208 -0.02768148 1.509717 0.01300007 -5.043745e-05
         ME     RMSE      MAE         MPE     MAPE       MASE          ACF1
-0.05164544 18.88306 8.152092 -0.02769154 1.508712 0.01299754 -1.898295e-05
         ME     RMSE      MAE         MPE   MAPE       MASE          ACF1
-0.04531943 18.87069 8.146571 -0.02508484 1.5091 0.01300018 -1.642856e-05
         ME     RMSE      MAE         MPE     MAPE       MASE          ACF1
-0.03363418 18.86071 8.146355 -0.02104965 1.510902 0.01300973 -7.708516e-05
         ME     RMSE      MAE        MPE     MAPE       MASE          ACF1
-0.03394438 18.84748 8.138146 -0.0211381 1.509779 0.01300544 -9.452516e-05
         ME     RMSE      MAE         MPE     MAPE       MASE          ACF1
-0.03404529 18.83525 8.134176 -0.02117067 1.509931 0.01300782 -8.295428e-05
         ME     RMSE      MAE         MPE     MAPE       MASE          ACF1
-0.03565584 18.82222 8.125559 -0.02164819 1.508682 0.01300272 -8.856745e-05
         ME     RMSE     MAE         MPE     MAPE       MASE          ACF1
-0.03562896 18.80969 8.11948 -0.02163843 1.508204 0.01300181 -8.583107e-05
         ME    RMSE      MAE         MPE     MAPE       MASE          ACF1
-0.03359843 18.7971 8.113485 -0.02101687 1.507755 0.01300103 -5.041245e-05
         ME     RMSE      MAE         MPE     MAPE       MASE         ACF1
-0.03264777 18.78478 8.108283 -0.02072735 1.507478 0.01300113 -6.73139e-05
         ME     RMSE      MAE         MPE     MAPE       MASE          ACF1
-0.03496172 18.77161 8.099203 -0.02140437 1.506066 0.01299507 -7.365991e-05
         ME    RMSE     MAE         MPE     MAPE       MASE          ACF1
-0.03808857 18.7587 8.09117 -0.02237122 1.505025 0.01299116 -8.016744e-05
         ME    RMSE      MAE         MPE     MAPE       MASE          ACF1
-0.03929356 18.7459 8.083817 -0.02275851 1.504249 0.01298881 -7.970833e-05
         ME     RMSE      MAE         MPE     MAPE       MASE          ACF1
-0.03978662 18.73321 8.077316 -0.02291909 1.503746 0.01298778 -8.989891e-05
        ME     RMSE      MAE         MPE     MAPE       MASE          ACF1
-0.0359015 18.72197 8.075132 -0.02166802 1.504663 0.01299367 -3.874731e-05
         ME    RMSE      MAE        MPE     MAPE       MASE          ACF1
-0.03244326 18.7109 8.072939 -0.0205998 1.505273 0.01299866 -2.335676e-05
         ME     RMSE      MAE         MPE     MAPE       MASE          ACF1
-0.03298197 18.69835 8.066828 -0.02074859 1.504712 0.01299715 -3.826666e-05
        ME     RMSE      MAE         MPE     MAPE       MASE         ACF1
-0.0351481 18.68625 8.060996 -0.02140638 1.504277 0.01299635 -4.47267e-05
         ME     RMSE      MAE         MPE     MAPE       MASE          ACF1
-0.03320732 18.67397 8.055449 -0.02080603 1.503951 0.01299618 -5.506424e-05
         ME     RMSE      MAE         MPE    MAPE       MASE         ACF1
-0.02753337 18.67746 8.065064 -0.01932264 1.50747 0.01301904 6.740163e-05
         ME     RMSE      MAE         MPE     MAPE       MASE          ACF1
-0.03008784 18.66609 8.062082 -0.02003533 1.507709 0.01302205 -2.902513e-05
        ME     RMSE      MAE         MPE     MAPE       MASE         ACF1
-0.0274232 18.65846 8.062509 -0.01933663 1.508686 0.01302988 8.539618e-05
         ME     RMSE      MAE       MPE     MAPE       MASE         ACF1
-0.02854921 18.64621 8.057132 -0.019637 1.508184 0.01302866 -6.98105e-06
         ME     RMSE      MAE         MPE     MAPE       MASE          ACF1
-0.02845669 18.63359 8.049966 -0.01959952 1.507208 0.01302459 -3.177324e-05
         ME     RMSE      MAE         MPE     MAPE       MASE         ACF1
-0.02800455 18.62119 8.043819 -0.01946552 1.506509 0.01302214 -3.21258e-05
         ME    RMSE      MAE         MPE     MAPE       MASE          ACF1
-0.02882706 18.6092 8.037449 -0.01968601 1.505724 0.01301918 -3.230328e-05
        ME     RMSE      MAE         MPE     MAPE       MASE          ACF1
-0.0247391 18.59715 8.032602 -0.01857407 1.505344 0.01301865 -3.246972e-05
         ME     RMSE      MAE         MPE     MAPE       MASE          ACF1
-0.02235131 18.58606 8.029821 -0.01795861 1.505433 0.01302093 -3.664291e-05
         ME     RMSE      MAE         MPE    MAPE       MASE          ACF1
-0.01744162 18.57597 8.026364 -0.01675558 1.50519 0.01302099 -4.503517e-05
         ME     RMSE      MAE         MPE     MAPE       MASE          ACF1
-0.01950997 18.56577 8.025059 -0.01725509 1.505437 0.01302455 -3.807665e-05
         ME     RMSE      MAE         MPE     MAPE       MASE          ACF1
-0.01868433 18.55329 8.017701 -0.01704445 1.504236 0.01301824 -3.832044e-05
         ME     RMSE      MAE         MPE     MAPE       MASE         ACF1
-0.02016833 18.54125 8.011868 -0.01738776 1.503405 0.01301443 0.0001009141
         ME     RMSE      MAE         MPE    MAPE       MASE          ACF1
-0.02437427 18.53682 8.017131 -0.01846269 1.50558 0.01302972 -3.406259e-05
         ME     RMSE      MAE         MPE     MAPE       MASE         ACF1
-0.02907598 18.52517 8.011736 -0.01971462 1.505016 0.01302784 6.036682e-05
         ME     RMSE      MAE         MPE     MAPE       MASE         ACF1
-0.02446364 18.51384 8.007407 -0.01845919 1.504734 0.01302763 8.230068e-06
        ME     RMSE      MAE         MPE     MAPE       MASE          ACF1
-0.0247464 18.50136 7.999347 -0.01851655 1.503425 0.01302113 -1.015527e-05
         ME     RMSE      MAE         MPE     MAPE       MASE         ACF1
-0.02433857 18.48958 7.994841 -0.01840244 1.503065 0.01302063 4.682819e-06
         ME     RMSE      MAE         MPE     MAPE       MASE         ACF1
-0.02355798 18.47794 7.990712 -0.01821076 1.502761 0.01302059 7.561459e-06
         ME     RMSE      MAE         MPE     MAPE       MASE          ACF1
-0.01520859 18.46791 7.988312 -0.01616777 1.502775 0.01302276 -2.580204e-05
          ME    RMSE      MAE         MPE     MAPE       MASE          ACF1
-0.004242771 18.4629 7.995244 -0.01378784 1.504493 0.01303787 -4.632791e-05
          ME     RMSE      MAE         MPE    MAPE      MASE          ACF1
-0.005461806 18.45423 7.994636 -0.01406117 1.50451 0.0130401 -3.874878e-05
          ME     RMSE      MAE         MPE     MAPE       MASE          ACF1
-0.009858435 18.44252 7.989308 -0.01493191 1.503596 0.01303484 -3.666288e-05
         ME     RMSE      MAE         MPE     MAPE       MASE          ACF1
-0.01465512 18.43176 7.986642 -0.01594153 1.503298 0.01303453 -4.118873e-05
         ME     RMSE      MAE         MPE     MAPE       MASE          ACF1
-0.01390666 18.41969 7.979902 -0.01575917 1.502171 0.01302831 -4.093911e-05
         ME     RMSE      MAE        MPE     MAPE      MASE          ACF1
-0.01089854 18.40811 7.975513 -0.0151001 1.501536 0.0130256 -6.755419e-05
         ME     RMSE      MAE         MPE     MAPE       MASE          ACF1
-0.01212621 18.39693 7.971763 -0.01535342 1.500999 0.01302357 -7.724049e-05
         ME     RMSE      MAE         MPE     MAPE       MASE          ACF1
-0.01507765 18.38477 7.964004 -0.01598812 1.499625 0.01301546 -1.432448e-05
         ME     RMSE      MAE         MPE     MAPE       MASE          ACF1
-0.01455115 18.37345 7.959789 -0.01584932 1.499098 0.01301357 -8.046471e-05
         ME     RMSE      MAE         MPE     MAPE      MASE          ACF1
-0.02236268 18.36322 7.957723 -0.01767412 1.499142 0.0130155 -3.992021e-05
         ME    RMSE      MAE         MPE     MAPE       MASE          ACF1
-0.02436965 18.3512 7.949579 -0.01816979 1.497777 0.01300832 -5.271731e-06
         ME     RMSE      MAE         MPE     MAPE       MASE          ACF1
-0.02107318 18.34274 7.950567 -0.01735681 1.498739 0.01301616 -3.982047e-05
         ME     RMSE      MAE         MPE     MAPE       MASE         ACF1
-0.02096412 18.33253 7.949466 -0.01732506 1.499051 0.01302018 -3.87898e-05
         ME     RMSE      MAE         MPE     MAPE       MASE          ACF1
-0.01965223 18.32131 7.944896 -0.01699446 1.498497 0.01301828 -7.011654e-06
         ME     RMSE      MAE         MPE    MAPE       MASE          ACF1
-0.01779271 18.30954 7.938859 -0.01653748 1.49759 0.01301385 -5.875843e-06
         ME     RMSE      MAE         MPE    MAPE       MASE         ACF1
-0.02485406 18.31042 7.944823 -0.01838353 1.49991 0.01303015 -8.31456e-06
         ME    RMSE      MAE        MPE     MAPE       MASE          ACF1
-0.02615836 18.3006 7.943071 -0.0187358 1.500223 0.01303379 -7.886229e-05
         ME     RMSE      MAE         MPE   MAPE       MASE          ACF1
-0.03001191 18.29064 7.939425 -0.01980299 1.5002 0.01303499 -8.537224e-05
         ME     RMSE      MAE         MPE     MAPE       MASE          ACF1
-0.02587635 18.27911 7.933863 -0.01864221 1.499587 0.01303297 -7.921474e-05
        ME     RMSE      MAE         MPE     MAPE      MASE         ACF1
-0.0288956 18.26766 7.928224 -0.01947259 1.498957 0.0130308 -8.15372e-05
         ME     RMSE      MAE         MPE     MAPE       MASE          ACF1
-0.03081245 18.25628 7.923586 -0.02002159 1.498619 0.01303041 -7.498341e-06
         ME     RMSE     MAE         MPE     MAPE       MASE          ACF1
-0.03114518 18.24463 7.91657 -0.02009951 1.497668 0.01302643 -3.003311e-05
         ME    RMSE      MAE         MPE     MAPE       MASE          ACF1
-0.03597674 18.2345 7.912251 -0.02159812 1.497589 0.01302726 -8.357587e-05
         ME     RMSE      MAE         MPE     MAPE       MASE         ACF1
-0.03509365 18.22833 7.914089 -0.02137416 1.499561 0.01303882 3.659043e-05
         ME     RMSE      MAE        MPE     MAPE       MASE          ACF1
-0.03552896 18.21712 7.908926 -0.0215101 1.499288 0.01303883 -7.634207e-05
         ME     RMSE      MAE         MPE     MAPE      MASE         ACF1
-0.04324069 18.20776 7.907517 -0.02424445 1.500528 0.0130457 -5.77288e-05
         ME     RMSE      MAE         MPE     MAPE       MASE          ACF1
-0.04372196 18.19625 7.900917 -0.02444015 1.500017 0.01304461 -7.655193e-05
         ME     RMSE      MAE         MPE     MAPE       MASE          ACF1
-0.04319868 18.18471 7.894142 -0.02422995 1.499502 0.01304352 -5.208261e-05
         ME     RMSE      MAE         MPE     MAPE      MASE          ACF1
-0.04445381 18.17313 7.887279 -0.02473016 1.498928 0.0130422 -4.174044e-05
         ME     RMSE      MAE         MPE     MAPE       MASE          ACF1
-0.04547128 18.16148 7.880143 -0.02514375 1.498294 0.01304071 -3.204666e-05
        ME     RMSE      MAE         MPE     MAPE       MASE          ACF1
-0.0481258 18.15092 7.876257 -0.02630127 1.499026 0.01304455 -3.490682e-05
         ME    RMSE      MAE         MPE     MAPE       MASE          ACF1
-0.04893575 18.1397 7.871135 -0.02667907 1.499421 0.01304695 -2.820747e-05
         ME     RMSE      MAE         MPE     MAPE       MASE          ACF1
-0.05004815 18.12865 7.866437 -0.02721462 1.500219 0.01305045 -5.151378e-05
         ME     RMSE      MAE         MPE     MAPE       MASE          ACF1
-0.05239852 18.11709 7.858646 -0.02839861 1.499516 0.01304893 -5.265878e-05
         ME     RMSE      MAE         MPE     MAPE       MASE          ACF1
-0.05506998 18.10577 7.851964 -0.02987601 1.499522 0.01304957 -4.309537e-05
         ME     RMSE      MAE         MPE     MAPE       MASE          ACF1
-0.05620193 18.09521 7.847542 -0.03057996 1.501162 0.01305459 -6.195269e-05
         ME     RMSE      MAE         MPE     MAPE       MASE          ACF1
-0.05672758 18.08356 7.838893 -0.03091697 1.500171 0.01305259 -6.065701e-05
         ME     RMSE      MAE         MPE     MAPE       MASE          ACF1
-0.05717152 18.07212 7.831461 -0.03121877 1.499984 0.01305276 -5.763883e-05
        ME     RMSE     MAE         MPE    MAPE       MASE          ACF1
-0.0580106 18.06074 7.82474 -0.03178837 1.50022 0.01305408 -7.241459e-05
         ME     RMSE      MAE         MPE     MAPE       MASE          ACF1
-0.06041843 18.04932 7.817133 -0.03349783 1.500068 0.01305421 -6.750374e-05
         ME     RMSE     MAE         MPE     MAPE       MASE          ACF1
-0.06102847 18.03815 7.81177 -0.03400857 1.501705 0.01305841 -6.791304e-05
         ME     RMSE      MAE         MPE     MAPE       MASE          ACF1
-0.06067979 18.02657 7.803088 -0.03376427 1.500837 0.01305708 -7.241338e-05
         ME     RMSE      MAE        MPE     MAPE       MASE          ACF1
-0.06150143 18.01508 7.795414 -0.0344376 1.500813 0.01305757 -7.390058e-05
         ME     RMSE      MAE        MPE     MAPE       MASE          ACF1
-0.06388797 18.00382 7.788408 -0.0365292 1.501548 0.01305951 -8.148557e-05
         ME     RMSE      MAE         MPE     MAPE       MASE          ACF1
-0.06435198 17.99234 7.779985 -0.03700795 1.501169 0.01305927 -8.697138e-05
         ME     RMSE     MAE        MPE     MAPE       MASE          ACF1
-0.06528056 17.98091 7.77168 -0.0379847 1.500932 0.01305924 -8.049071e-05
         ME     RMSE      MAE         MPE     MAPE      MASE          ACF1
-0.06718281 17.97093 7.768873 -0.04033149 1.506737 0.0130686 -5.861783e-05
         ME     RMSE     MAE         MPE     MAPE       MASE          ACF1
-0.06771778 17.95948 7.76047 -0.04105498 1.506699 0.01306888 -7.988001e-05
         ME     RMSE      MAE         MPE     MAPE       MASE          ACF1
-0.06780991 17.94821 7.753183 -0.04123351 1.508354 0.01307128 -7.987547e-05
         ME     RMSE      MAE         MPE     MAPE       MASE          ACF1
-0.06730108 17.93685 7.745436 -0.04067023 1.509333 0.01307281 -8.388531e-05
         ME     RMSE      MAE         MPE    MAPE       MASE          ACF1
-0.06705756 17.92631 7.741436 -0.04045944 1.51404 0.01308026 -6.036593e-05
         ME     RMSE      MAE        MPE     MAPE       MASE          ACF1
-0.06702879 17.91497 7.733428 -0.0405002 1.514354 0.01308109 -6.966565e-05
         ME     RMSE      MAE       MPE     MAPE       MASE          ACF1
-0.06670605 17.90356 7.723971 -0.040158 1.512905 0.01307946 -6.975649e-05
         ME     RMSE     MAE         MPE     MAPE       MASE          ACF1
-0.06684597 17.89222 7.71514 -0.04039119 1.512204 0.01307884 -6.959047e-05
         ME     RMSE      MAE         MPE     MAPE       MASE          ACF1
-0.06715675 17.88116 7.708559 -0.04087141 1.514125 0.01308195 -6.955206e-05
         ME     RMSE      MAE         MPE     MAPE       MASE          ACF1
-0.06741164 17.86999 7.700802 -0.04129418 1.514935 0.01308324 -7.560609e-05
         ME    RMSE      MAE         MPE     MAPE       MASE          ACF1
-0.06687737 17.8588 7.693323 -0.04067612 1.516116 0.01308503 -7.564345e-05
         ME     RMSE      MAE         MPE     MAPE       MASE          ACF1
-0.06768024 17.84772 7.686388 -0.04185138 1.517919 0.01308767 -7.810269e-05
         ME     RMSE      MAE         MPE    MAPE       MASE          ACF1
-0.06807845 17.83677 7.679572 -0.04252947 1.51989 0.01309045 -7.028276e-05
         ME     RMSE      MAE         MPE     MAPE       MASE          ACF1
-0.06640094 17.82589 7.673208 -0.04044041 1.522377 0.01309404 -6.602577e-05
         ME    RMSE     MAE         MPE     MAPE       MASE          ACF1
-0.06507144 17.8148 7.66568 -0.03891722 1.523039 0.01309539 -6.598485e-05
        ME     RMSE      MAE         MPE     MAPE       MASE          ACF1
-0.0658394 17.80373 7.658176 -0.03988268 1.523668 0.01309669 -6.353376e-05
        ME     RMSE      MAE         MPE     MAPE       MASE          ACF1
-0.0656863 17.79425 7.655941 -0.03998107 1.529956 0.01310682 -4.509271e-05
         ME     RMSE      MAE         MPE     MAPE       MASE          ACF1
-0.06592881 17.78316 7.647987 -0.04033651 1.530048 0.01310732 -5.965445e-05
        ME     RMSE      MAE         MPE     MAPE       MASE         ACF1
-0.0653726 17.77242 7.642339 -0.03978704 1.532832 0.01311174 -4.56146e-05
         ME     RMSE      MAE         MPE     MAPE       MASE          ACF1
-0.06478542 17.76144 7.634838 -0.03917094 1.533401 0.01311293 -4.720406e-05
         ME     RMSE      MAE         MPE     MAPE       MASE          ACF1
-0.06600459 17.75088 7.629195 -0.04073919 1.535999 0.01311717 -5.772578e-05
         ME     RMSE      MAE         MPE     MAPE       MASE          ACF1
-0.06425163 17.74002 7.621864 -0.03873511 1.536691 0.01311861 -5.903907e-05
         ME     RMSE      MAE         MPE     MAPE       MASE         ACF1
-0.06496266 17.72906 7.613831 -0.03961896 1.536515 0.01311877 -5.26317e-05
         ME     RMSE    MAE         MPE     MAPE       MASE          ACF1
-0.06524652 17.71806 7.6057 -0.04001126 1.536206 0.01311872 -5.291652e-05
         ME     RMSE      MAE         MPE     MAPE       MASE          ACF1
-0.06516165 17.70778 7.601052 -0.04009226 1.539983 0.01312466 -4.927932e-05
         ME     RMSE      MAE         MPE     MAPE       MASE          ACF1
-0.06436774 17.69684 7.593014 -0.03921587 1.539714 0.01312471 -4.133075e-05
         ME     RMSE      MAE         MPE     MAPE       MASE          ACF1
-0.06109171 17.68645 7.588027 -0.03593143 1.542291 0.01312959 -3.489883e-05
       ME     RMSE      MAE         MPE     MAPE       MASE          ACF1
-0.059942 17.67574 7.581635 -0.03496172 1.543189 0.01313174 -3.113798e-05
         ME     RMSE      MAE         MPE     MAPE       MASE          ACF1
-0.05973909 17.66512 7.575738 -0.03482842 1.544223 0.01313443 -5.797041e-05
         ME     RMSE     MAE        MPE    MAPE       MASE          ACF1
-0.05990017 17.65441 7.56889 -0.0349954 1.54451 0.01313561 -3.014159e-05
         ME     RMSE      MAE         MPE     MAPE       MASE          ACF1
-0.06112701 17.64366 7.561911 -0.03611664 1.544708 0.01313652 -6.054322e-05
         ME     RMSE     MAE         MPE     MAPE       MASE          ACF1
-0.05858306 17.63313 7.55564 -0.03395865 1.545455 0.01313866 -3.920922e-05
         ME     RMSE      MAE         MPE     MAPE      MASE          ACF1
-0.05513497 17.62342 7.551944 -0.03141309 1.547542 0.0131444 -3.329756e-05
         ME     RMSE      MAE         MPE     MAPE       MASE          ACF1
-0.05629021 17.61274 7.545027 -0.03222289 1.547281 0.01314453 -3.336785e-05
         ME     RMSE      MAE         MPE    MAPE       MASE          ACF1
-0.05750013 17.60203 7.537643 -0.03312506 1.54677 0.01314398 -3.157132e-05
         ME     RMSE      MAE         MPE     MAPE       MASE         ACF1
-0.05741527 17.59136 7.530707 -0.03308559 1.546611 0.01314428 -2.72851e-05
         ME     RMSE      MAE         MPE     MAPE       MASE          ACF1
-0.05803802 17.58103 7.525572 -0.03358536 1.547727 0.01314758 -5.473591e-05
         ME   RMSE      MAE         MPE     MAPE       MASE          ACF1
-0.05410368 17.571 7.520783 -0.03078791 1.549013 0.01315152 -3.653271e-05
         ME    RMSE      MAE         MPE     MAPE       MASE          ACF1
-0.04909792 17.5611 7.516837 -0.02779469 1.550249 0.01315589 -3.605579e-05
         ME     RMSE      MAE         MPE     MAPE       MASE          ACF1
-0.04763996 17.55053 7.509758 -0.02703589 1.549459 0.01315412 -5.547209e-05
        ME     RMSE     MAE         MPE     MAPE       MASE          ACF1
-0.0475487 17.54032 7.50487 -0.02699808 1.549767 0.01315619 -4.266261e-05
        ME     RMSE      MAE         MPE     MAPE       MASE          ACF1
-0.0499961 17.53065 7.500413 -0.02830526 1.550427 0.01315908 -3.161304e-05
         ME     RMSE      MAE         MPE     MAPE       MASE         ACF1
-0.04991625 17.52009 7.493116 -0.02826575 1.549523 0.01315711 -3.58911e-05
         ME     RMSE      MAE         MPE     MAPE       MASE         ACF1
-0.05116657 17.50962 7.486188 -0.02897223 1.548876 0.01315592 -2.78026e-05
         ME     RMSE      MAE         MPE     MAPE      MASE         ACF1
-0.04940866 17.50145 7.486246 -0.02806765 1.551834 0.0131667 1.207093e-06
         ME     RMSE      MAE         MPE     MAPE       MASE         ACF1
-0.04768338 17.49148 7.480899 -0.02718375 1.551904 0.01316793 5.481113e-05
         ME     RMSE      MAE         MPE     MAPE       MASE         ACF1
-0.04778606 17.48096 7.473359 -0.02723668 1.550802 0.01316513 5.594277e-05
         ME     RMSE      MAE         MPE     MAPE       MASE        ACF1
-0.04865934 17.47061 7.466944 -0.02769207 1.550284 0.01316432 6.48059e-05
         ME     RMSE      MAE         MPE     MAPE       MASE          ACF1
-0.04893413 17.46093 7.463304 -0.02786723 1.551166 0.01316838 -3.628133e-05
         ME     RMSE     MAE         MPE     MAPE       MASE         ACF1
-0.04600928 17.45149 7.45953 -0.02640472 1.551997 0.01317211 6.335322e-05
         ME     RMSE      MAE         MPE     MAPE       MASE          ACF1
-0.04357526 17.44153 7.454729 -0.02525822 1.552156 0.01317363 -1.393817e-05
         ME     RMSE      MAE         MPE     MAPE       MASE         ACF1
-0.04442809 17.43182 7.450147 -0.02568317 1.552298 0.01317536 3.465235e-05
         ME     RMSE      MAE         MPE     MAPE       MASE         ACF1
-0.04379121 17.42155 7.444161 -0.02539254 1.551801 0.01317451 2.236254e-05
         ME     RMSE      MAE         MPE     MAPE       MASE         ACF1
-0.04440086 17.41195 7.440315 -0.02568313 1.552336 0.01317757 1.106918e-05
         ME     RMSE      MAE         MPE     MAPE       MASE      ACF1
-0.04681559 17.40166 7.433841 -0.02683228 1.551652 0.01317608 1.556e-05
         ME     RMSE      MAE         MPE     MAPE       MASE          ACF1
-0.04776918 17.39158 7.428204 -0.02732018 1.551453 0.01317636 -1.398585e-05
        ME     RMSE      MAE         MPE     MAPE      MASE         ACF1
-0.0438461 17.38175 7.423412 -0.02541411 1.551583 0.0131779 1.267015e-05
         ME     RMSE      MAE         MPE     MAPE       MASE          ACF1
-0.04582905 17.37173 7.417884 -0.02633902 1.551353 0.01317798 -3.398012e-05
         ME     RMSE      MAE         MPE     MAPE       MASE          ACF1
-0.04520781 17.36151 7.411208 -0.02603733 1.550564 0.01317614 -2.155031e-05
         ME     RMSE      MAE         MPE     MAPE       MASE          ACF1
-0.04710832 17.35144 7.405012 -0.02697463 1.550031 0.01317522 -9.041562e-06
        ME     RMSE      MAE         MPE     MAPE       MASE          ACF1
-0.0488557 17.34139 7.399026 -0.02789527 1.549708 0.01317498 -1.545089e-05
         ME     RMSE      MAE         MPE     MAPE       MASE         ACF1
-0.05010203 17.33176 7.395173 -0.02862003 1.550665 0.01317882 4.198693e-06
         ME     RMSE      MAE         MPE     MAPE       MASE          ACF1
-0.04954128 17.32175 7.389349 -0.02830429 1.550544 0.01317934 -3.771468e-05
         ME     RMSE      MAE        MPE     MAPE       MASE         ACF1
-0.05170849 17.31166 7.382856 -0.0295928 1.550057 0.01317866 -3.58324e-05
         ME     RMSE      MAE         MPE     MAPE       MASE         ACF1
-0.04823251 17.30438 7.385167 -0.02764324 1.554025 0.01319318 5.661578e-05
        ME     RMSE    MAE         MPE     MAPE       MASE         ACF1
-0.0530476 17.29758 7.3851 -0.03056109 1.557556 0.01320409 -6.53954e-05
        ME     RMSE      MAE         MPE    MAPE       MASE         ACF1
-0.0529813 17.28743 7.377867 -0.03053045 1.55672 0.01320256 6.858909e-05
         ME     RMSE      MAE         MPE     MAPE       MASE         ACF1
-0.05385321 17.27754 7.372717 -0.03114674 1.557385 0.01320496 7.425287e-05
         ME     RMSE      MAE         MPE     MAPE      MASE         ACF1
-0.05441753 17.26768 7.367119 -0.03157099 1.557693 0.0132065 7.499499e-05
        ME     RMSE      MAE         MPE     MAPE       MASE         ACF1
-0.0537309 17.25755 7.359808 -0.03109636 1.556816 0.01320497 7.237532e-05
         ME     RMSE      MAE         MPE     MAPE       MASE         ACF1
-0.05384129 17.24746 7.352667 -0.03118615 1.556061 0.01320375 7.204965e-05
         ME     RMSE      MAE         MPE     MAPE       MASE         ACF1
-0.05454482 17.23736 7.345159 -0.03170444 1.555061 0.01320195 7.123176e-05
         ME     RMSE      MAE        MPE     MAPE       MASE         ACF1
-0.05292216 17.22772 7.340792 -0.0305857 1.556213 0.01320563 7.799296e-05
         ME     RMSE      MAE        MPE     MAPE       MASE         ACF1
-0.04982782 17.21865 7.338027 -0.0286425 1.558313 0.01321196 8.393697e-05
         ME     RMSE      MAE         MPE     MAPE       MASE        ACF1
-0.05044468 17.20865 7.331125 -0.02902697 1.557509 0.01321043 6.87052e-05
         ME     RMSE      MAE         MPE    MAPE       MASE         ACF1
-0.04971237 17.19976 7.328383 -0.02864034 1.55915 0.01321627 7.158825e-05
         ME     RMSE      MAE         MPE     MAPE       MASE         ACF1
-0.05007297 17.19007 7.322494 -0.02886243 1.558878 0.01321625 7.433381e-05
       ME     RMSE      MAE         MPE     MAPE       MASE         ACF1
-0.051957 17.18059 7.318284 -0.03005288 1.559744 0.01321964 6.404584e-05
         ME     RMSE      MAE         MPE     MAPE       MASE         ACF1
-0.05266052 17.17091 7.312666 -0.03053798 1.559897 0.01322078 5.897225e-05
         ME     RMSE      MAE         MPE     MAPE       MASE         ACF1
-0.04904597 17.16178 7.308932 -0.02826145 1.561158 0.01322527 5.970306e-05
         ME   RMSE      MAE         MPE     MAPE       MASE         ACF1
-0.04400442 17.153 7.305915 -0.02553905 1.562291 0.01322983 2.928902e-05
         ME     RMSE      MAE         MPE     MAPE       MASE         ACF1
-0.04432246 17.14366 7.301279 -0.02571324 1.562337 0.01323111 2.153165e-05
         ME     RMSE      MAE         MPE     MAPE       MASE         ACF1
-0.04417431 17.13459 7.297124 -0.02566245 1.562594 0.01323318 6.705933e-05
         ME     RMSE      MAE         MPE     MAPE       MASE         ACF1
-0.04291598 17.12482 7.290875 -0.02506955 1.561822 0.01323132 6.124519e-05
         ME    RMSE      MAE         MPE     MAPE       MASE         ACF1
-0.04195718 17.1151 7.285086 -0.02463146 1.561219 0.01323001 5.027476e-05
         ME     RMSE      MAE         MPE     MAPE       MASE         ACF1
-0.03683962 17.10672 7.283009 -0.02250174 1.562086 0.01323514 5.758925e-05
         ME     RMSE      MAE         MPE     MAPE       MASE         ACF1
-0.03146204 17.09955 7.282031 -0.02056238 1.563018 0.01324112 3.078141e-05
         ME     RMSE     MAE         MPE     MAPE       MASE          ACF1
-0.03076593 17.09054 7.27789 -0.02031263 1.562598 0.01324021 -3.410621e-05
         ME    RMSE      MAE         MPE     MAPE       MASE          ACF1
-0.02816035 17.0812 7.273277 -0.01947645 1.561974 0.01323806 -5.759873e-05
         ME     RMSE      MAE         MPE     MAPE       MASE          ACF1
-0.02917399 17.07227 7.269777 -0.01978802 1.561674 0.01323786 -4.082279e-05
         ME     RMSE      MAE         MPE     MAPE       MASE          ACF1
-0.02973956 17.06266 7.264095 -0.01995489 1.560719 0.01323389 -4.976831e-05
         ME     RMSE      MAE         MPE     MAPE       MASE          ACF1
-0.02684095 17.05408 7.261758 -0.01906559 1.560783 0.01323586 -6.847819e-05
         ME     RMSE      MAE        MPE     MAPE       MASE          ACF1
-0.02502609 17.04578 7.260781 -0.0185269 1.561083 0.01323952 -8.792904e-05
         ME     RMSE    MAE         MPE     MAPE      MASE          ACF1
-0.02161118 17.03686 7.2574 -0.01756782 1.560639 0.0132383 -8.705183e-05
         ME     RMSE      MAE         MPE     MAPE       MASE          ACF1
-0.02461374 17.02839 7.254586 -0.01838364 1.560357 0.01323815 -0.0001082384
         ME    RMSE      MAE        MPE     MAPE       MASE          ACF1
-0.02395639 17.0201 7.251831 -0.0182017 1.560119 0.01323844 -3.469975e-05
         ME    RMSE     MAE         MPE     MAPE      MASE          ACF1
-0.02160931 17.0112 7.24853 -0.01755844 1.559707 0.0132375 -8.031406e-05
         ME     RMSE      MAE         MPE     MAPE       MASE          ACF1
-0.01715956 17.00457 7.248637 -0.01640938 1.560121 0.01324247 -0.0001051039
         ME     RMSE      MAE        MPE     MAPE       MASE          ACF1
0.005423961 17.01039 7.262973 -0.0115015 1.563326 0.01326995 -4.647813e-05
        ME     RMSE      MAE          MPE     MAPE       MASE          ACF1
0.01470006 17.00347 7.263193 -0.009822136 1.562986 0.01326877 -0.0001232475
        ME     RMSE      MAE        MPE     MAPE       MASE          ACF1
0.01283632 16.99489 7.259038 -0.0101269 1.561828 0.01325869 -0.0001189241
        ME     RMSE      MAE          MPE     MAPE       MASE          ACF1
0.01615679 16.98668 7.257028 -0.009604103 1.561003 0.01325192 -0.0001181346
        ME    RMSE      MAE          MPE     MAPE       MASE         ACF1
0.01437495 16.9779 7.253372 -0.009862924 1.559916 0.01324194 -0.000116104
        ME     RMSE      MAE          MPE     MAPE       MASE          ACF1
0.01728987 16.96983 7.250888 -0.009420442 1.559017 0.01323435 -0.0001158554
        ME     RMSE      MAE          MPE     MAPE       MASE          ACF1
0.02283821 16.96349 7.253153 -0.008611341 1.558775 0.01323406 -0.0001078094
       ME     RMSE      MAE          MPE     MAPE       MASE          ACF1
0.0216175 16.95432 7.248603 -0.008770033 1.557519 0.01322102 -0.0001056734
        ME     RMSE      MAE          MPE     MAPE       MASE          ACF1
0.02125608 16.94624 7.247331 -0.008812365 1.556735 0.01321421 -0.0001048434
        ME     RMSE      MAE          MPE     MAPE       MASE          ACF1
0.01905935 16.93803 7.245995 -0.009112829 1.555936 0.01320731 -0.0001079116
        ME     RMSE     MAE          MPE     MAPE       MASE          ACF1
0.01838782 16.93182 7.24608 -0.009206472 1.555361 0.01320356 -0.0001045748
        ME     RMSE      MAE          MPE     MAPE       MASE          ACF1
0.03334411 16.93231 7.254323 -0.007157318 1.555954 0.01321391 -9.571363e-05
        ME    RMSE      MAE          MPE     MAPE       MASE          ACF1
0.05085725 16.9374 7.266303 -0.004874983 1.556791 0.01322666 -0.0001319221
        ME     RMSE      MAE          MPE     MAPE       MASE          ACF1
0.04784742 16.93413 7.272794 -0.005208224 1.556573 0.01322776 -0.0001286854
        ME     RMSE      MAE          MPE     MAPE       MASE          ACF1
0.04580597 16.92523 7.268583 -0.005422545 1.555288 0.01321024 -0.0001299394
        ME     RMSE      MAE          MPE     MAPE      MASE          ACF1
0.04913557 16.91665 7.264704 -0.005057682 1.554008 0.0131931 -0.0001169587
        ME     RMSE      MAE          MPE     MAPE       MASE          ACF1
0.04322265 16.90838 7.262859 -0.005699076 1.552978 0.01318014 -0.0001099373
        ME    RMSE      MAE          MPE     MAPE       MASE          ACF1
0.04362108 16.8993 7.257426 -0.005642089 1.551543 0.01316135 -0.0001089587
        ME     RMSE     MAE          MPE     MAPE       MASE          ACF1
0.04799816 16.89368 7.26099 -0.005161288 1.551103 0.01315795 -0.0001062972
        ME     RMSE      MAE          MPE     MAPE       MASE        ACF1
0.01465957 16.86994 7.317055 -0.008004478 1.555364 0.01325097 0.003677458
        ME     RMSE      MAE          MPE     MAPE       MASE        ACF1
0.01284799 16.86196 7.316631 -0.008215306 1.554525 0.01324291 0.003614379
        ME     RMSE      MAE          MPE     MAPE       MASE          ACF1
0.02901622 16.92416 7.280936 -0.007518275 1.550965 0.01317171 -3.811793e-05
        ME     RMSE      MAE          MPE     MAPE       MASE         ACF1
0.02846962 16.91548 7.276993 -0.007576979 1.549764 0.01315867 -4.18251e-05
        ME     RMSE      MAE          MPE     MAPE       MASE          ACF1
0.01626446 16.95566 7.295496 -0.009376477 1.551725 0.01318741 -4.098216e-05
        ME     RMSE      MAE         MPE     MAPE       MASE          ACF1
0.06064819 17.28072 7.349463 -0.00372841 1.554155 0.01327498 -0.0008798797
        ME     RMSE      MAE          MPE     MAPE       MASE         ACF1
0.06403749 17.27306 7.348197 -0.003303807 1.553063 0.01325974 -0.000880563
        ME     RMSE      MAE          MPE  MAPE       MASE          ACF1
0.06535425 17.26595 7.347152 -0.003179509 1.552 0.01324454 -0.0008764401
       ME     RMSE      MAE          MPE     MAPE       MASE          ACF1
0.0614783 17.25815 7.345429 -0.003550107 1.550879 0.01322819 -0.0008181741
        ME     RMSE      MAE          MPE     MAPE       MASE          ACF1
0.05103727 17.25418 7.349338 -0.004539169 1.550384 0.01322304 -0.0008695656
        ME    RMSE      MAE          MPE     MAPE       MASE          ACF1
0.05225222 17.2452 7.345264 -0.004413269 1.549074 0.01320471 -0.0008704266
        ME     RMSE      MAE         MPE     MAPE       MASE          ACF1
0.05632072 17.23685 7.343072 -0.00399865 1.547975 0.01318936 -0.0008746159
        ME     RMSE      MAE         MPE     MAPE       MASE          ACF1
0.04300802 17.27878 7.362018 -0.00550046 1.548856 0.01321301 -0.0007896043
        ME     RMSE      MAE          MPE     MAPE       MASE          ACF1
0.03883594 17.27172 7.362795 -0.005908716 1.548186 0.01320609 -0.0008594986
        ME     RMSE      MAE          MPE     MAPE       MASE          ACF1
0.03369543 17.26456 7.361306 -0.006497548 1.547259 0.01319577 -0.0008105525
        ME     RMSE      MAE          MPE     MAPE       MASE          ACF1
0.02849329 17.25887 7.362677 -0.007116292 1.546725 0.01319167 -0.0008192504
        ME     RMSE     MAE          MPE     MAPE       MASE          ACF1
0.03423679 17.25124 7.36138 -0.006408033 1.545889 0.01318319 -0.0008193971
      ME     RMSE      MAE          MPE     MAPE     MASE          ACF1
0.053022 17.31418 7.385086 -0.004333067 1.547578 0.013216 -0.0008667305
        ME     RMSE      MAE          MPE     MAPE       MASE          ACF1
0.05434986 17.30556 7.381759 -0.004168791 1.546363 0.01319909 -0.0008672592
        ME     RMSE      MAE          MPE     MAPE       MASE         ACF1
0.05395853 17.29737 7.379959 -0.004199004 1.545302 0.01318473 -0.000868089
        ME     RMSE      MAE          MPE     MAPE       MASE          ACF1
0.04931652 17.28956 7.376837 -0.004664336 1.544129 0.01316833 -0.0008669512
        ME     RMSE      MAE          MPE     MAPE      MASE          ACF1
0.04764303 17.28194 7.375094 -0.004830747 1.543089 0.0131552 -0.0008606835
        ME     RMSE      MAE          MPE     MAPE      MASE          ACF1
0.02775957 17.31512 7.391745 -0.007112584 1.544237 0.0131761 -0.0008205207
        ME     RMSE      MAE          MPE     MAPE       MASE          ACF1
0.04558932 17.31553 7.401829 -0.005183717 1.544573 0.01318614 -0.0007921856
        ME     RMSE     MAE          MPE     MAPE       MASE          ACF1
0.04135057 17.31339 7.40941 -0.005684053 1.544628 0.01319042 -0.0007997319
        ME     RMSE      MAE          MPE     MAPE       MASE         ACF1
0.02883934 17.36294 7.429122 -0.007303163 1.546345 0.01321971 -0.000844212
        ME     RMSE      MAE          MPE     MAPE       MASE          ACF1
0.02171328 17.35648 7.429179 -0.008195766 1.545744 0.01321479 -0.0008404187
        ME     RMSE      MAE          MPE     MAPE       MASE         ACF1
0.01379935 17.35568 7.435978 -0.009290168 1.546205 0.01322339 -0.000856816
        ME     RMSE      MAE          MPE     MAPE      MASE          ACF1
0.02175682 17.35065 7.437278 -0.008153357 1.545903 0.0132228 -0.0008595953
        ME     RMSE      MAE          MPE     MAPE       MASE          ACF1
0.04650544 17.38475 7.460598 -0.004937705 1.548245 0.01325705 -0.0008007173
        ME     RMSE      MAE          MPE     MAPE       MASE          ACF1
0.05045576 17.37662 7.458475 -0.004465586 1.547209 0.01324388 -0.0007901168
        ME     RMSE      MAE          MPE     MAPE       MASE          ACF1
0.04761822 17.36786 7.454485 -0.004765125 1.545967 0.01322698 -0.0007899692
        ME     RMSE      MAE          MPE     MAPE       MASE          ACF1
0.04351819 17.35946 7.451641 -0.005190803 1.544868 0.01321288 -0.0007966175
        ME    RMSE     MAE          MPE     MAPE       MASE          ACF1
0.04233608 17.3507 7.44757 -0.005306373 1.543646 0.01319704 -0.0008413275
        ME    RMSE      MAE          MPE     MAPE       MASE          ACF1
0.03845414 17.3426 7.445094 -0.005727867 1.542617 0.01318468 -0.0008412343
        ME     RMSE      MAE          MPE     MAPE       MASE          ACF1
0.04278699 17.33536 7.443829 -0.005250933 1.541718 0.01317415 -0.0007880405
        ME     RMSE      MAE          MPE     MAPE       MASE          ACF1
0.03065941 17.33077 7.448098 -0.006633412 1.541542 0.01317415 -0.0007937784
        ME     RMSE      MAE          MPE     MAPE      MASE          ACF1
0.02651078 17.32242 7.444018 -0.007110948 1.540392 0.0131612 -0.0007976772
        ME     RMSE      MAE          MPE     MAPE       MASE          ACF1
0.02338379 17.31363 7.440126 -0.007490357 1.539293 0.01314961 -0.0008396605
        ME     RMSE      MAE          MPE     MAPE       MASE          ACF1
0.02183618 17.30498 7.435995 -0.007691304 1.538157 0.01313801 -0.0007950431
        ME     RMSE      MAE         MPE     MAPE       MASE        ACF1
0.01827489 17.32396 7.450264 -0.00827308 1.539729 0.01315988 -0.00081051
        ME     RMSE      MAE          MPE     MAPE       MASE          ACF1
0.04154286 17.37128 7.474086 -0.005397852 1.542062 0.01319585 -0.0008224421
        ME     RMSE      MAE          MPE     MAPE       MASE          ACF1
0.04120701 17.36548 7.476893 -0.005466915 1.541649 0.01319321 -0.0008261847
        ME    RMSE      MAE          MPE     MAPE      MASE          ACF1
0.04528264 17.3574 7.473803 -0.004997117 1.540551 0.0131796 -0.0008266445
        ME     RMSE      MAE          MPE     MAPE       MASE          ACF1
0.04132788 17.34958 7.472139 -0.005435064 1.539593 0.01316825 -0.0008161508
        ME     RMSE      MAE         MPE     MAPE       MASE          ACF1
0.03547542 17.34217 7.471441 -0.00608214 1.538794 0.01315941 -0.0008163231
        ME     RMSE     MAE          MPE     MAPE       MASE          ACF1
0.03559006 17.33353 7.46719 -0.006056601 1.537598 0.01314515 -0.0008189159
        ME     RMSE      MAE          MPE     MAPE       MASE          ACF1
0.03126854 17.32719 7.467277 -0.006566428 1.536926 0.01313878 -0.0008210554
        ME     RMSE      MAE          MPE     MAPE       MASE          ACF1
0.03106562 17.31876 7.463349 -0.006581864 1.535771 0.01312573 -0.0008234496
         ME     RMSE      MAE          MPE     MAPE       MASE          ACF1
0.008877106 17.34242 7.477318 -0.009574055 1.537279 0.01314552 -0.0007711594
       ME     RMSE      MAE          MPE     MAPE       MASE          ACF1
0.0103021 17.33579 7.475762 -0.009376381 1.536526 0.01314063 -0.0007719092
         ME     RMSE      MAE         MPE     MAPE       MASE          ACF1
0.002140373 17.35501 7.492277 -0.01072697 1.539153 0.01316978 -0.0008057062
         ME     RMSE      MAE         MPE     MAPE       MASE          ACF1
0.002130786 17.34704 7.490101 -0.01070826 1.538571 0.01316641 -0.0007999895
        ME     RMSE      MAE          MPE     MAPE       MASE         ACF1
0.02290757 17.48623 7.525729 -0.007897194 1.542723 0.01322604 -0.000776479
        ME     RMSE      MAE          MPE     MAPE       MASE          ACF1
0.02573797 17.47781 7.521975 -0.007486542 1.541667 0.01321514 -0.0007901269
        ME    RMSE      MAE          MPE     MAPE       MASE          ACF1
0.02139436 17.4699 7.520141 -0.008071915 1.540867 0.01320775 -0.0007894286
      ME     RMSE      MAE          MPE     MAPE       MASE        ACF1
0.019627 17.46098 7.514608 -0.008303517 1.539576 0.01319427 -0.00078862
       ME     RMSE      MAE          MPE     MAPE       MASE          ACF1
0.0153019 17.45395 7.513406 -0.008907862 1.538916 0.01318896 -0.0007893583
        ME     RMSE      MAE          MPE     MAPE       MASE         ACF1
0.01085792 17.44643 7.512327 -0.009552001 1.538336 0.01318487 -0.000792084
        ME     RMSE      MAE          MPE     MAPE       MASE        ACF1
0.01341543 17.43791 7.508768 -0.009158524 1.537381 0.01317658 -0.00079198
        ME     RMSE      MAE          MPE     MAPE      MASE          ACF1
0.01158327 17.43026 7.506108 -0.009436972 1.536577 0.0131701 -0.0007881803
         ME     RMSE      MAE          MPE     MAPE       MASE          ACF1
0.009999242 17.42205 7.502794 -0.009675242 1.535685 0.01316274 -0.0007882835
         ME     RMSE      MAE         MPE     MAPE       MASE          ACF1
0.004498879 17.41563 7.500602 -0.01056066 1.535018 0.01315804 -0.0007914797
         ME     RMSE    MAE         MPE    MAPE       MASE          ACF1
0.002846763 17.40687 7.4956 -0.01082656 1.53391 0.01314915 -0.0007911947
         ME     RMSE      MAE         MPE     MAPE       MASE          ACF1
0.001464294 17.39893 7.493252 -0.01106179 1.533282 0.01314521 -0.0007919219
        ME     RMSE      MAE          MPE    MAPE       MASE          ACF1
0.01488696 17.39821 7.499116 -0.008819307 1.53397 0.01315435 -0.0007816742
        ME     RMSE      MAE          MPE     MAPE       MASE         ACF1
0.01479398 17.39132 7.499205 -0.008831793 1.533541 0.01315219 -0.000790903
        ME     RMSE      MAE          MPE     MAPE       MASE          ACF1
0.01079204 17.38288 7.495437 -0.009430485 1.532564 0.01314349 -0.0007739351
       ME    RMSE      MAE          MPE     MAPE       MASE          ACF1
0.0105231 17.3757 7.494082 -0.009474067 1.531954 0.01313912 -0.0007726488
         ME     RMSE      MAE         MPE     MAPE       MASE         ACF1
0.005532931 17.36781 7.491378 -0.01025779 1.531196 0.01313309 -0.000773159
         ME     RMSE      MAE         MPE     MAPE       MASE          ACF1
0.004795817 17.35911 7.485604 -0.01036819 1.529944 0.01312243 -0.0007718448
        ME     RMSE    MAE          MPE     MAPE       MASE          ACF1
0.00946232 17.35233 7.4844 -0.009590099 1.529438 0.01311962 -0.0007742893
        ME     RMSE      MAE         MPE     MAPE       MASE          ACF1
0.00361759 17.34564 7.484148 -0.01056409 1.529105 0.01311853 -0.0007777201
          ME     RMSE      MAE         MPE     MAPE      MASE          ACF1
-0.002488055 17.33861 7.483402 -0.01163182 1.528809 0.0131178 -0.0007768692
          ME     RMSE      MAE         MPE     MAPE       MASE          ACF1
-0.007977792 17.33129 7.482164 -0.01267726 1.528542 0.01311735 -0.0007797792
         ME     RMSE      MAE         MPE     MAPE       MASE          ACF1
-0.01288523 17.32363 7.479281 -0.01371888 1.528038 0.01311487 -0.0007788574
         ME    RMSE      MAE         MPE     MAPE       MASE          ACF1
-0.02010137 17.3243 7.483857 -0.01549384 1.529599 0.01312715 -0.0007873662
          ME     RMSE      MAE         MPE    MAPE       MASE          ACF1
-0.006941505 17.32746 7.492209 -0.01242919 1.53172 0.01314482 -0.0007753928
         ME    RMSE      MAE         MPE     MAPE       MASE          ACF1
-0.01468023 17.3228 7.494657 -0.01419593 1.532404 0.01315204 -0.0007740849
         ME     RMSE      MAE        MPE    MAPE       MASE          ACF1
-0.01549457 17.31427 7.489896 -0.0143847 1.53153 0.01314722 -0.0007721704
         ME     RMSE      MAE         MPE     MAPE       MASE          ACF1
-0.02011814 17.30674 7.487905 -0.01554585 1.531418 0.01314791 -0.0007765074
         ME     RMSE      MAE         MPE     MAPE       MASE          ACF1
-0.02099277 17.29801 7.482197 -0.01577344 1.530383 0.01314262 -0.0007749138
         ME     RMSE      MAE         MPE    MAPE       MASE          ACF1
-0.02347825 17.28957 7.477643 -0.01646617 1.52971 0.01313983 -0.0007743478
         ME     RMSE      MAE        MPE     MAPE       MASE          ACF1
-0.02603232 17.28104 7.472805 -0.0172275 1.529007 0.01313702 -0.0007749949
         ME    RMSE      MAE         MPE     MAPE       MASE          ACF1
-0.02910651 17.2729 7.468914 -0.01822414 1.528694 0.01313647 -0.0007735097
         ME     RMSE      MAE         MPE     MAPE      MASE          ACF1
-0.03023202 17.26495 7.465851 -0.01862435 1.528679 0.0131375 -0.0007725409
         ME     RMSE      MAE        MPE    MAPE       MASE          ACF1
-0.03207325 17.25649 7.460684 -0.0192872 1.52802 0.01313546 -0.0007719958
         ME     RMSE      MAE         MPE     MAPE       MASE          ACF1
-0.03230875 17.24809 7.456353 -0.01937662 1.527713 0.01313506 -0.0007721325
         ME     RMSE     MAE        MPE     MAPE      MASE          ACF1
-0.03449365 17.24026 7.45344 -0.0202591 1.528044 0.0131374 -0.0007699885
         ME     RMSE      MAE        MPE     MAPE      MASE          ACF1
-0.02621139 17.23378 7.454169 -0.0172029 1.529539 0.0131455 -0.0007716175
         ME     RMSE      MAE         MPE     MAPE       MASE         ACF1
-0.02230634 17.22668 7.452358 -0.01599292 1.529805 0.01314836 -0.000769943
         ME     RMSE      MAE         MPE    MAPE       MASE          ACF1
-0.02137444 17.21903 7.448898 -0.01571619 1.52943 0.01314743 -0.0007742661
         ME    RMSE      MAE         MPE     MAPE       MASE          ACF1
-0.02322107 17.2106 7.443773 -0.01624695 1.528577 0.01314363 -0.0007746974
         ME     RMSE     MAE         MPE     MAPE       MASE          ACF1
-0.02334732 17.20194 7.43724 -0.01627525 1.527326 0.01313745 -0.0007746828
         ME    RMSE      MAE         MPE     MAPE       MASE          ACF1
-0.02282551 17.1937 7.432776 -0.01611685 1.526692 0.01313493 -0.0007744156
         ME     RMSE      MAE         MPE     MAPE       MASE          ACF1
-0.02265198 17.18521 7.427387 -0.01605866 1.525771 0.01313068 -0.0007738729
         ME     RMSE      MAE         MPE     MAPE       MASE          ACF1
-0.02544642 17.17986 7.429268 -0.01692225 1.527183 0.01313979 -0.0007832818
        ME    RMSE      MAE        MPE     MAPE      MASE          ACF1
-0.0255297 17.1713 7.423494 -0.0169416 1.526183 0.0131354 -0.0007833742
         ME     RMSE      MAE         MPE     MAPE       MASE          ACF1
-0.02654985 17.16278 7.417589 -0.01726035 1.525151 0.01313086 -0.0007835024
         ME     RMSE      MAE         MPE     MAPE       MASE         ACF1
-0.02581016 17.15435 7.412365 -0.01701525 1.524337 0.01312759 -0.000783261
         ME     RMSE      MAE         MPE     MAPE       MASE          ACF1
-0.02319592 17.14687 7.409795 -0.01620338 1.524339 0.01312893 -0.0007806885
        ME     RMSE      MAE         MPE     MAPE       MASE          ACF1
-0.0144745 17.14226 7.411857 -0.01379154 1.525434 0.01313747 -0.0007816258
         ME     RMSE      MAE         MPE     MAPE       MASE          ACF1
-0.01316472 17.13402 7.407128 -0.01346071 1.524575 0.01313275 -0.0007802232
         ME    RMSE      MAE         MPE     MAPE       MASE          ACF1
-0.01079958 17.1301 7.409581 -0.01293781 1.525372 0.01314045 -0.0007815629
        ME     RMSE     MAE         MPE     MAPE       MASE          ACF1
-0.0144634 17.12287 7.40783 -0.01380021 1.525186 0.01314072 -0.0007807129
